<?xml version="1.0" encoding="UTF-8"?>
<!-- Generated by org.testng.reporters.JUnitReportReporter -->
<testsuite hostname="DESKTOP-D9IO8BK" failures="0" tests="1" name="maven.JKNSTest" time="0.011" errors="0" timestamp="2023-09-30T19:19:39 IST" skipped="0">
  <testcase classname="maven.JKNSTest" name="jKNSTest" time="0.011"/>
  <system-out/>
</testsuite> <!-- maven.JKNSTest -->
